2025-07-04 14:08:51,119 - sam - INFO - set_bot_menu
2025-07-04 14:08:51,119 - sam - INFO - set_bot_menu
2025-07-04 14:08:54,399 - sam - INFO - polling
2025-07-04 14:08:54,399 - sam - INFO - polling
2025-07-04 14:08:54,400 - sam - INFO - init_browsers
2025-07-04 14:08:54,400 - sam - INFO - init_browsers
2025-07-04 14:08:54,512 - sam - INFO - start_browsers
2025-07-04 14:08:54,512 - sam - INFO - start_browsers
2025-07-04 14:08:54,513 - sam - INFO - default_preset
2025-07-04 14:08:54,513 - sam - INFO - default_preset
2025-07-04 14:08:54,514 - sam - INFO - start_bots
2025-07-04 14:08:54,514 - sam - INFO - start_bots
2025-07-04 14:22:57,345 - sam - INFO - set_bot_menu
2025-07-04 14:22:57,345 - sam - INFO - set_bot_menu
2025-07-04 14:22:57,531 - sam - INFO - polling
2025-07-04 14:22:57,531 - sam - INFO - polling
2025-07-04 14:22:57,531 - sam - INFO - init_browsers
2025-07-04 14:22:57,531 - sam - INFO - init_browsers
2025-07-04 14:22:57,643 - sam - INFO - start_browsers
2025-07-04 14:22:57,643 - sam - INFO - start_browsers
2025-07-04 14:22:57,644 - sam - INFO - default_preset
2025-07-04 14:22:57,644 - sam - INFO - default_preset
2025-07-04 14:22:57,645 - sam - INFO - start_bots
2025-07-04 14:22:57,645 - sam - INFO - start_bots
2025-07-04 14:30:53,878 - sam - INFO - set_bot_menu
2025-07-04 14:30:53,878 - sam - INFO - set_bot_menu
2025-07-04 14:30:54,046 - sam - INFO - polling
2025-07-04 14:30:54,046 - sam - INFO - polling
2025-07-04 14:30:54,046 - sam - INFO - init_browsers
2025-07-04 14:30:54,046 - sam - INFO - init_browsers
2025-07-04 14:30:54,153 - sam - INFO - start_browsers
2025-07-04 14:30:54,153 - sam - INFO - start_browsers
2025-07-04 14:30:54,523 - sam - INFO - default_preset
2025-07-04 14:30:54,523 - sam - INFO - default_preset
2025-07-04 14:30:54,524 - sam - INFO - start_bots
2025-07-04 14:30:54,524 - sam - INFO - start_bots
2025-07-04 14:33:49,307 - sam - INFO - set_bot_menu
2025-07-04 14:33:49,307 - sam - INFO - set_bot_menu
2025-07-04 14:33:49,472 - sam - INFO - polling
2025-07-04 14:33:49,472 - sam - INFO - polling
2025-07-04 14:33:49,472 - sam - INFO - init_browsers
2025-07-04 14:33:49,472 - sam - INFO - init_browsers
2025-07-04 14:33:49,576 - sam - INFO - start_browsers
2025-07-04 14:33:49,576 - sam - INFO - start_browsers
2025-07-04 14:33:56,550 - sam - INFO - default_preset
2025-07-04 14:33:56,550 - sam - INFO - default_preset
2025-07-04 14:33:56,551 - sam - INFO - start_bots
2025-07-04 14:33:56,551 - sam - INFO - start_bots
2025-07-04 14:34:06,575 - sam - INFO - set_bot_menu
2025-07-04 14:34:06,575 - sam - INFO - set_bot_menu
2025-07-04 14:34:06,787 - sam - INFO - polling
2025-07-04 14:34:06,787 - sam - INFO - polling
2025-07-04 14:34:06,787 - sam - INFO - init_browsers
2025-07-04 14:34:06,787 - sam - INFO - init_browsers
2025-07-04 14:34:06,886 - sam - INFO - start_browsers
2025-07-04 14:34:06,886 - sam - INFO - start_browsers
2025-07-04 14:34:12,243 - sam - INFO - default_preset
2025-07-04 14:34:12,243 - sam - INFO - default_preset
2025-07-04 14:34:12,244 - sam - INFO - start_bots
2025-07-04 14:34:12,244 - sam - INFO - start_bots
